[2025-12-18T14:09:41.592+0000] {taskinstance.py:1157} INFO - Dependencies all met for dep_context=non-requeueable deps ti=<TaskInstance: bank_bigdata_pipeline.run_spark_job manual__2025-12-18T14:04:33.303308+00:00 [queued]>
[2025-12-18T14:09:41.595+0000] {taskinstance.py:1157} INFO - Dependencies all met for dep_context=requeueable deps ti=<TaskInstance: bank_bigdata_pipeline.run_spark_job manual__2025-12-18T14:04:33.303308+00:00 [queued]>
[2025-12-18T14:09:41.595+0000] {taskinstance.py:1359} INFO - Starting attempt 2 of 2
[2025-12-18T14:09:41.600+0000] {taskinstance.py:1380} INFO - Executing <Task(BashOperator): run_spark_job> on 2025-12-18 14:04:33.303308+00:00
[2025-12-18T14:09:41.604+0000] {standard_task_runner.py:57} INFO - Started process 556 to run task
[2025-12-18T14:09:41.606+0000] {standard_task_runner.py:84} INFO - Running: ['***', 'tasks', 'run', 'bank_bigdata_pipeline', 'run_spark_job', 'manual__2025-12-18T14:04:33.303308+00:00', '--job-id', '6', '--raw', '--subdir', 'DAGS_FOLDER/etl_dag.py', '--cfg-path', '/tmp/tmpromacdbp']
[2025-12-18T14:09:41.607+0000] {standard_task_runner.py:85} INFO - Job 6: Subtask run_spark_job
[2025-12-18T14:09:41.631+0000] {task_command.py:415} INFO - Running <TaskInstance: bank_bigdata_pipeline.run_spark_job manual__2025-12-18T14:04:33.303308+00:00 [running]> on host d08db59e672c
[2025-12-18T14:09:41.657+0000] {taskinstance.py:1660} INFO - Exporting env vars: AIRFLOW_CTX_DAG_OWNER='student' AIRFLOW_CTX_DAG_ID='bank_bigdata_pipeline' AIRFLOW_CTX_TASK_ID='run_spark_job' AIRFLOW_CTX_EXECUTION_DATE='2025-12-18T14:04:33.303308+00:00' AIRFLOW_CTX_TRY_NUMBER='2' AIRFLOW_CTX_DAG_RUN_ID='manual__2025-12-18T14:04:33.303308+00:00'
[2025-12-18T14:09:41.658+0000] {subprocess.py:63} INFO - Tmp dir root location: /tmp
[2025-12-18T14:09:41.658+0000] {subprocess.py:75} INFO - Running command: ['/bin/bash', '-c', '\n            export JAVA_HOME=/usr/lib/jvm/default-java\n            spark-submit             --master local[*]             --driver-class-path /home/***/postgresql-42.2.18.jar             --jars /home/***/postgresql-42.2.18.jar             /opt/***/spark_jobs/process.py\n        ']
[2025-12-18T14:09:41.662+0000] {subprocess.py:86} INFO - Output:
[2025-12-18T14:09:42.869+0000] {subprocess.py:93} INFO - 25/12/18 14:09:42 WARN NativeCodeLoader: Unable to load native-hadoop library for your platform... using builtin-java classes where applicable
[2025-12-18T14:09:43.654+0000] {subprocess.py:93} INFO - 25/12/18 14:09:43 INFO SparkContext: Running Spark version 3.5.1
[2025-12-18T14:09:43.654+0000] {subprocess.py:93} INFO - 25/12/18 14:09:43 INFO SparkContext: OS info Linux, 6.12.54-linuxkit, aarch64
[2025-12-18T14:09:43.654+0000] {subprocess.py:93} INFO - 25/12/18 14:09:43 INFO SparkContext: Java version 11.0.29
[2025-12-18T14:09:43.670+0000] {subprocess.py:93} INFO - 25/12/18 14:09:43 INFO ResourceUtils: ==============================================================
[2025-12-18T14:09:43.670+0000] {subprocess.py:93} INFO - 25/12/18 14:09:43 INFO ResourceUtils: No custom resources configured for spark.driver.
[2025-12-18T14:09:43.671+0000] {subprocess.py:93} INFO - 25/12/18 14:09:43 INFO ResourceUtils: ==============================================================
[2025-12-18T14:09:43.671+0000] {subprocess.py:93} INFO - 25/12/18 14:09:43 INFO SparkContext: Submitted application: BankTransactionsML
[2025-12-18T14:09:43.680+0000] {subprocess.py:93} INFO - 25/12/18 14:09:43 INFO ResourceProfile: Default ResourceProfile created, executor resources: Map(cores -> name: cores, amount: 1, script: , vendor: , memory -> name: memory, amount: 1024, script: , vendor: , offHeap -> name: offHeap, amount: 0, script: , vendor: ), task resources: Map(cpus -> name: cpus, amount: 1.0)
[2025-12-18T14:09:43.684+0000] {subprocess.py:93} INFO - 25/12/18 14:09:43 INFO ResourceProfile: Limiting resource is cpu
[2025-12-18T14:09:43.684+0000] {subprocess.py:93} INFO - 25/12/18 14:09:43 INFO ResourceProfileManager: Added ResourceProfile id: 0
[2025-12-18T14:09:43.718+0000] {subprocess.py:93} INFO - 25/12/18 14:09:43 INFO SecurityManager: Changing view acls to: ***
[2025-12-18T14:09:43.718+0000] {subprocess.py:93} INFO - 25/12/18 14:09:43 INFO SecurityManager: Changing modify acls to: ***
[2025-12-18T14:09:43.718+0000] {subprocess.py:93} INFO - 25/12/18 14:09:43 INFO SecurityManager: Changing view acls groups to:
[2025-12-18T14:09:43.718+0000] {subprocess.py:93} INFO - 25/12/18 14:09:43 INFO SecurityManager: Changing modify acls groups to:
[2025-12-18T14:09:43.718+0000] {subprocess.py:93} INFO - 25/12/18 14:09:43 INFO SecurityManager: SecurityManager: authentication disabled; ui acls disabled; users with view permissions: ***; groups with view permissions: EMPTY; users with modify permissions: ***; groups with modify permissions: EMPTY
[2025-12-18T14:09:43.925+0000] {subprocess.py:93} INFO - 25/12/18 14:09:43 INFO Utils: Successfully started service 'sparkDriver' on port 38551.
[2025-12-18T14:09:43.942+0000] {subprocess.py:93} INFO - 25/12/18 14:09:43 INFO SparkEnv: Registering MapOutputTracker
[2025-12-18T14:09:43.960+0000] {subprocess.py:93} INFO - 25/12/18 14:09:43 INFO SparkEnv: Registering BlockManagerMaster
[2025-12-18T14:09:43.969+0000] {subprocess.py:93} INFO - 25/12/18 14:09:43 INFO BlockManagerMasterEndpoint: Using org.apache.spark.storage.DefaultTopologyMapper for getting topology information
[2025-12-18T14:09:43.969+0000] {subprocess.py:93} INFO - 25/12/18 14:09:43 INFO BlockManagerMasterEndpoint: BlockManagerMasterEndpoint up
[2025-12-18T14:09:43.971+0000] {subprocess.py:93} INFO - 25/12/18 14:09:43 INFO SparkEnv: Registering BlockManagerMasterHeartbeat
[2025-12-18T14:09:43.981+0000] {subprocess.py:93} INFO - 25/12/18 14:09:43 INFO DiskBlockManager: Created local directory at /tmp/blockmgr-5c129520-1dc3-4022-9011-7e0a9ecce261
[2025-12-18T14:09:43.992+0000] {subprocess.py:93} INFO - 25/12/18 14:09:43 INFO MemoryStore: MemoryStore started with capacity 434.4 MiB
[2025-12-18T14:09:44.000+0000] {subprocess.py:93} INFO - 25/12/18 14:09:44 INFO SparkEnv: Registering OutputCommitCoordinator
[2025-12-18T14:09:44.109+0000] {subprocess.py:93} INFO - 25/12/18 14:09:44 INFO JettyUtils: Start Jetty 0.0.0.0:4040 for SparkUI
[2025-12-18T14:09:44.145+0000] {subprocess.py:93} INFO - 25/12/18 14:09:44 INFO Utils: Successfully started service 'SparkUI' on port 4040.
[2025-12-18T14:09:44.161+0000] {subprocess.py:93} INFO - 25/12/18 14:09:44 INFO SparkContext: Added JAR file:///home/***/postgresql-42.2.18.jar at spark://d08db59e672c:38551/jars/postgresql-42.2.18.jar with timestamp 1766066983647
[2025-12-18T14:09:44.196+0000] {subprocess.py:93} INFO - 25/12/18 14:09:44 INFO Executor: Starting executor ID driver on host d08db59e672c
[2025-12-18T14:09:44.196+0000] {subprocess.py:93} INFO - 25/12/18 14:09:44 INFO Executor: OS info Linux, 6.12.54-linuxkit, aarch64
[2025-12-18T14:09:44.197+0000] {subprocess.py:93} INFO - 25/12/18 14:09:44 INFO Executor: Java version 11.0.29
[2025-12-18T14:09:44.199+0000] {subprocess.py:93} INFO - 25/12/18 14:09:44 INFO Executor: Starting executor with user classpath (userClassPathFirst = false): ''
[2025-12-18T14:09:44.199+0000] {subprocess.py:93} INFO - 25/12/18 14:09:44 INFO Executor: Created or updated repl class loader org.apache.spark.util.MutableURLClassLoader@59916cb6 for default.
[2025-12-18T14:09:44.207+0000] {subprocess.py:93} INFO - 25/12/18 14:09:44 INFO Executor: Fetching spark://d08db59e672c:38551/jars/postgresql-42.2.18.jar with timestamp 1766066983647
[2025-12-18T14:09:44.246+0000] {subprocess.py:93} INFO - 25/12/18 14:09:44 INFO TransportClientFactory: Successfully created connection to d08db59e672c/172.19.0.9:38551 after 24 ms (0 ms spent in bootstraps)
[2025-12-18T14:09:44.250+0000] {subprocess.py:93} INFO - 25/12/18 14:09:44 INFO Utils: Fetching spark://d08db59e672c:38551/jars/postgresql-42.2.18.jar to /tmp/spark-d2868559-1b79-4e58-a164-d87c0db1b438/userFiles-a19a38cd-a4cf-4b84-8090-758222d295d6/fetchFileTemp3442507980531739840.tmp
[2025-12-18T14:09:44.298+0000] {subprocess.py:93} INFO - 25/12/18 14:09:44 INFO Executor: Adding file:/tmp/spark-d2868559-1b79-4e58-a164-d87c0db1b438/userFiles-a19a38cd-a4cf-4b84-8090-758222d295d6/postgresql-42.2.18.jar to class loader default
[2025-12-18T14:09:44.304+0000] {subprocess.py:93} INFO - 25/12/18 14:09:44 INFO Utils: Successfully started service 'org.apache.spark.network.netty.NettyBlockTransferService' on port 46803.
[2025-12-18T14:09:44.304+0000] {subprocess.py:93} INFO - 25/12/18 14:09:44 INFO NettyBlockTransferService: Server created on d08db59e672c:46803
[2025-12-18T14:09:44.305+0000] {subprocess.py:93} INFO - 25/12/18 14:09:44 INFO BlockManager: Using org.apache.spark.storage.RandomBlockReplicationPolicy for block replication policy
[2025-12-18T14:09:44.310+0000] {subprocess.py:93} INFO - 25/12/18 14:09:44 INFO BlockManagerMaster: Registering BlockManager BlockManagerId(driver, d08db59e672c, 46803, None)
[2025-12-18T14:09:44.312+0000] {subprocess.py:93} INFO - 25/12/18 14:09:44 INFO BlockManagerMasterEndpoint: Registering block manager d08db59e672c:46803 with 434.4 MiB RAM, BlockManagerId(driver, d08db59e672c, 46803, None)
[2025-12-18T14:09:44.313+0000] {subprocess.py:93} INFO - 25/12/18 14:09:44 INFO BlockManagerMaster: Registered BlockManager BlockManagerId(driver, d08db59e672c, 46803, None)
[2025-12-18T14:09:44.314+0000] {subprocess.py:93} INFO - 25/12/18 14:09:44 INFO BlockManager: Initialized BlockManager: BlockManagerId(driver, d08db59e672c, 46803, None)
[2025-12-18T14:09:44.539+0000] {subprocess.py:93} INFO - 25/12/18 14:09:44 INFO SharedState: Setting hive.metastore.warehouse.dir ('null') to the value of spark.sql.warehouse.dir.
[2025-12-18T14:09:44.540+0000] {subprocess.py:93} INFO - 25/12/18 14:09:44 INFO SharedState: Warehouse path is 'file:/tmp/***tmpr4vm85qw/spark-warehouse'.
[2025-12-18T14:09:45.691+0000] {subprocess.py:93} INFO - Traceback (most recent call last):
[2025-12-18T14:09:45.692+0000] {subprocess.py:93} INFO -   File "/opt/***/spark_jobs/process.py", line 47, in <module>
[2025-12-18T14:09:45.693+0000] {subprocess.py:93} INFO -     main()
[2025-12-18T14:09:45.693+0000] {subprocess.py:93} INFO -   File "/opt/***/spark_jobs/process.py", line 14, in main
[2025-12-18T14:09:45.693+0000] {subprocess.py:93} INFO -     df = spark.read.parquet("hdfs://namenode:9000/user/data/transactions.parquet")
[2025-12-18T14:09:45.693+0000] {subprocess.py:93} INFO -   File "/home/***/.local/lib/python3.9/site-packages/pyspark/python/lib/pyspark.zip/pyspark/sql/readwriter.py", line 544, in parquet
[2025-12-18T14:09:45.693+0000] {subprocess.py:93} INFO -   File "/home/***/.local/lib/python3.9/site-packages/pyspark/python/lib/py4j-0.10.9.7-src.zip/py4j/java_gateway.py", line 1322, in __call__
[2025-12-18T14:09:45.693+0000] {subprocess.py:93} INFO -   File "/home/***/.local/lib/python3.9/site-packages/pyspark/python/lib/pyspark.zip/pyspark/errors/exceptions/captured.py", line 185, in deco
[2025-12-18T14:09:45.698+0000] {subprocess.py:93} INFO - pyspark.errors.exceptions.captured.AnalysisException: [PATH_NOT_FOUND] Path does not exist: hdfs://namenode:9000/user/data/transactions.parquet.
[2025-12-18T14:09:45.782+0000] {subprocess.py:93} INFO - 25/12/18 14:09:45 INFO SparkContext: Invoking stop() from shutdown hook
[2025-12-18T14:09:45.783+0000] {subprocess.py:93} INFO - 25/12/18 14:09:45 INFO SparkContext: SparkContext is stopping with exitCode 0.
[2025-12-18T14:09:45.792+0000] {subprocess.py:93} INFO - 25/12/18 14:09:45 INFO SparkUI: Stopped Spark web UI at http://d08db59e672c:4040
[2025-12-18T14:09:45.807+0000] {subprocess.py:93} INFO - 25/12/18 14:09:45 INFO MapOutputTrackerMasterEndpoint: MapOutputTrackerMasterEndpoint stopped!
[2025-12-18T14:09:45.821+0000] {subprocess.py:93} INFO - 25/12/18 14:09:45 INFO MemoryStore: MemoryStore cleared
[2025-12-18T14:09:45.821+0000] {subprocess.py:93} INFO - 25/12/18 14:09:45 INFO BlockManager: BlockManager stopped
[2025-12-18T14:09:45.828+0000] {subprocess.py:93} INFO - 25/12/18 14:09:45 INFO BlockManagerMaster: BlockManagerMaster stopped
[2025-12-18T14:09:45.830+0000] {subprocess.py:93} INFO - 25/12/18 14:09:45 INFO OutputCommitCoordinator$OutputCommitCoordinatorEndpoint: OutputCommitCoordinator stopped!
[2025-12-18T14:09:45.837+0000] {subprocess.py:93} INFO - 25/12/18 14:09:45 INFO SparkContext: Successfully stopped SparkContext
[2025-12-18T14:09:45.838+0000] {subprocess.py:93} INFO - 25/12/18 14:09:45 INFO ShutdownHookManager: Shutdown hook called
[2025-12-18T14:09:45.838+0000] {subprocess.py:93} INFO - 25/12/18 14:09:45 INFO ShutdownHookManager: Deleting directory /tmp/spark-aaa20ef0-e014-4df9-b18b-f71849f770bb
[2025-12-18T14:09:45.840+0000] {subprocess.py:93} INFO - 25/12/18 14:09:45 INFO ShutdownHookManager: Deleting directory /tmp/spark-d2868559-1b79-4e58-a164-d87c0db1b438
[2025-12-18T14:09:45.842+0000] {subprocess.py:93} INFO - 25/12/18 14:09:45 INFO ShutdownHookManager: Deleting directory /tmp/spark-d2868559-1b79-4e58-a164-d87c0db1b438/pyspark-4d2f24b5-0aef-4793-9365-b8bd94e03d9d
[2025-12-18T14:09:45.868+0000] {subprocess.py:97} INFO - Command exited with return code 1
[2025-12-18T14:09:45.901+0000] {taskinstance.py:1935} ERROR - Task failed with exception
Traceback (most recent call last):
  File "/home/airflow/.local/lib/python3.9/site-packages/airflow/operators/bash.py", line 210, in execute
    raise AirflowException(
airflow.exceptions.AirflowException: Bash command failed. The command returned a non-zero exit code 1.
[2025-12-18T14:09:45.910+0000] {taskinstance.py:1398} INFO - Marking task as FAILED. dag_id=bank_bigdata_pipeline, task_id=run_spark_job, execution_date=20251218T140433, start_date=20251218T140941, end_date=20251218T140945
[2025-12-18T14:09:45.924+0000] {standard_task_runner.py:104} ERROR - Failed to execute job 6 for task run_spark_job (Bash command failed. The command returned a non-zero exit code 1.; 556)
[2025-12-18T14:09:45.945+0000] {local_task_job_runner.py:228} INFO - Task exited with return code 1
[2025-12-18T14:09:45.976+0000] {taskinstance.py:2776} INFO - 0 downstream tasks scheduled from follow-on schedule check
