[2025-12-18T14:04:35.486+0000] {taskinstance.py:1157} INFO - Dependencies all met for dep_context=non-requeueable deps ti=<TaskInstance: bank_bigdata_pipeline.run_spark_job manual__2025-12-18T14:04:33.303308+00:00 [queued]>
[2025-12-18T14:04:35.488+0000] {taskinstance.py:1157} INFO - Dependencies all met for dep_context=requeueable deps ti=<TaskInstance: bank_bigdata_pipeline.run_spark_job manual__2025-12-18T14:04:33.303308+00:00 [queued]>
[2025-12-18T14:04:35.489+0000] {taskinstance.py:1359} INFO - Starting attempt 1 of 2
[2025-12-18T14:04:35.492+0000] {taskinstance.py:1380} INFO - Executing <Task(BashOperator): run_spark_job> on 2025-12-18 14:04:33.303308+00:00
[2025-12-18T14:04:35.494+0000] {standard_task_runner.py:57} INFO - Started process 176 to run task
[2025-12-18T14:04:35.496+0000] {standard_task_runner.py:84} INFO - Running: ['***', 'tasks', 'run', 'bank_bigdata_pipeline', 'run_spark_job', 'manual__2025-12-18T14:04:33.303308+00:00', '--job-id', '3', '--raw', '--subdir', 'DAGS_FOLDER/etl_dag.py', '--cfg-path', '/tmp/tmpw5_au4nh']
[2025-12-18T14:04:35.497+0000] {standard_task_runner.py:85} INFO - Job 3: Subtask run_spark_job
[2025-12-18T14:04:35.514+0000] {task_command.py:415} INFO - Running <TaskInstance: bank_bigdata_pipeline.run_spark_job manual__2025-12-18T14:04:33.303308+00:00 [running]> on host d08db59e672c
[2025-12-18T14:04:35.538+0000] {taskinstance.py:1660} INFO - Exporting env vars: AIRFLOW_CTX_DAG_OWNER='student' AIRFLOW_CTX_DAG_ID='bank_bigdata_pipeline' AIRFLOW_CTX_TASK_ID='run_spark_job' AIRFLOW_CTX_EXECUTION_DATE='2025-12-18T14:04:33.303308+00:00' AIRFLOW_CTX_TRY_NUMBER='1' AIRFLOW_CTX_DAG_RUN_ID='manual__2025-12-18T14:04:33.303308+00:00'
[2025-12-18T14:04:35.539+0000] {subprocess.py:63} INFO - Tmp dir root location: /tmp
[2025-12-18T14:04:35.539+0000] {subprocess.py:75} INFO - Running command: ['/bin/bash', '-c', '\n            export JAVA_HOME=/usr/lib/jvm/default-java\n            spark-submit             --master local[*]             --driver-class-path /home/***/postgresql-42.2.18.jar             --jars /home/***/postgresql-42.2.18.jar             /opt/***/spark_jobs/process.py\n        ']
[2025-12-18T14:04:35.542+0000] {subprocess.py:86} INFO - Output:
[2025-12-18T14:04:36.907+0000] {subprocess.py:93} INFO - 25/12/18 14:04:36 WARN NativeCodeLoader: Unable to load native-hadoop library for your platform... using builtin-java classes where applicable
[2025-12-18T14:04:38.175+0000] {subprocess.py:93} INFO - 25/12/18 14:04:38 INFO SparkContext: Running Spark version 3.5.1
[2025-12-18T14:04:38.175+0000] {subprocess.py:93} INFO - 25/12/18 14:04:38 INFO SparkContext: OS info Linux, 6.12.54-linuxkit, aarch64
[2025-12-18T14:04:38.175+0000] {subprocess.py:93} INFO - 25/12/18 14:04:38 INFO SparkContext: Java version 11.0.29
[2025-12-18T14:04:38.188+0000] {subprocess.py:93} INFO - 25/12/18 14:04:38 INFO ResourceUtils: ==============================================================
[2025-12-18T14:04:38.188+0000] {subprocess.py:93} INFO - 25/12/18 14:04:38 INFO ResourceUtils: No custom resources configured for spark.driver.
[2025-12-18T14:04:38.188+0000] {subprocess.py:93} INFO - 25/12/18 14:04:38 INFO ResourceUtils: ==============================================================
[2025-12-18T14:04:38.188+0000] {subprocess.py:93} INFO - 25/12/18 14:04:38 INFO SparkContext: Submitted application: BankTransactionsML
[2025-12-18T14:04:38.200+0000] {subprocess.py:93} INFO - 25/12/18 14:04:38 INFO ResourceProfile: Default ResourceProfile created, executor resources: Map(cores -> name: cores, amount: 1, script: , vendor: , memory -> name: memory, amount: 1024, script: , vendor: , offHeap -> name: offHeap, amount: 0, script: , vendor: ), task resources: Map(cpus -> name: cpus, amount: 1.0)
[2025-12-18T14:04:38.205+0000] {subprocess.py:93} INFO - 25/12/18 14:04:38 INFO ResourceProfile: Limiting resource is cpu
[2025-12-18T14:04:38.205+0000] {subprocess.py:93} INFO - 25/12/18 14:04:38 INFO ResourceProfileManager: Added ResourceProfile id: 0
[2025-12-18T14:04:38.249+0000] {subprocess.py:93} INFO - 25/12/18 14:04:38 INFO SecurityManager: Changing view acls to: ***
[2025-12-18T14:04:38.249+0000] {subprocess.py:93} INFO - 25/12/18 14:04:38 INFO SecurityManager: Changing modify acls to: ***
[2025-12-18T14:04:38.250+0000] {subprocess.py:93} INFO - 25/12/18 14:04:38 INFO SecurityManager: Changing view acls groups to:
[2025-12-18T14:04:38.250+0000] {subprocess.py:93} INFO - 25/12/18 14:04:38 INFO SecurityManager: Changing modify acls groups to:
[2025-12-18T14:04:38.250+0000] {subprocess.py:93} INFO - 25/12/18 14:04:38 INFO SecurityManager: SecurityManager: authentication disabled; ui acls disabled; users with view permissions: ***; groups with view permissions: EMPTY; users with modify permissions: ***; groups with modify permissions: EMPTY
[2025-12-18T14:04:38.391+0000] {subprocess.py:93} INFO - 25/12/18 14:04:38 INFO Utils: Successfully started service 'sparkDriver' on port 34303.
[2025-12-18T14:04:38.406+0000] {subprocess.py:93} INFO - 25/12/18 14:04:38 INFO SparkEnv: Registering MapOutputTracker
[2025-12-18T14:04:38.424+0000] {subprocess.py:93} INFO - 25/12/18 14:04:38 INFO SparkEnv: Registering BlockManagerMaster
[2025-12-18T14:04:38.435+0000] {subprocess.py:93} INFO - 25/12/18 14:04:38 INFO BlockManagerMasterEndpoint: Using org.apache.spark.storage.DefaultTopologyMapper for getting topology information
[2025-12-18T14:04:38.435+0000] {subprocess.py:93} INFO - 25/12/18 14:04:38 INFO BlockManagerMasterEndpoint: BlockManagerMasterEndpoint up
[2025-12-18T14:04:38.437+0000] {subprocess.py:93} INFO - 25/12/18 14:04:38 INFO SparkEnv: Registering BlockManagerMasterHeartbeat
[2025-12-18T14:04:38.452+0000] {subprocess.py:93} INFO - 25/12/18 14:04:38 INFO DiskBlockManager: Created local directory at /tmp/blockmgr-0ace7142-1310-4632-9783-998902bd32c3
[2025-12-18T14:04:38.459+0000] {subprocess.py:93} INFO - 25/12/18 14:04:38 INFO MemoryStore: MemoryStore started with capacity 434.4 MiB
[2025-12-18T14:04:38.466+0000] {subprocess.py:93} INFO - 25/12/18 14:04:38 INFO SparkEnv: Registering OutputCommitCoordinator
[2025-12-18T14:04:38.536+0000] {subprocess.py:93} INFO - 25/12/18 14:04:38 INFO JettyUtils: Start Jetty 0.0.0.0:4040 for SparkUI
[2025-12-18T14:04:38.568+0000] {subprocess.py:93} INFO - 25/12/18 14:04:38 INFO Utils: Successfully started service 'SparkUI' on port 4040.
[2025-12-18T14:04:38.588+0000] {subprocess.py:93} INFO - 25/12/18 14:04:38 INFO SparkContext: Added JAR file:///home/***/postgresql-42.2.18.jar at spark://d08db59e672c:34303/jars/postgresql-42.2.18.jar with timestamp 1766066678170
[2025-12-18T14:04:38.618+0000] {subprocess.py:93} INFO - 25/12/18 14:04:38 INFO Executor: Starting executor ID driver on host d08db59e672c
[2025-12-18T14:04:38.618+0000] {subprocess.py:93} INFO - 25/12/18 14:04:38 INFO Executor: OS info Linux, 6.12.54-linuxkit, aarch64
[2025-12-18T14:04:38.618+0000] {subprocess.py:93} INFO - 25/12/18 14:04:38 INFO Executor: Java version 11.0.29
[2025-12-18T14:04:38.620+0000] {subprocess.py:93} INFO - 25/12/18 14:04:38 INFO Executor: Starting executor with user classpath (userClassPathFirst = false): ''
[2025-12-18T14:04:38.621+0000] {subprocess.py:93} INFO - 25/12/18 14:04:38 INFO Executor: Created or updated repl class loader org.apache.spark.util.MutableURLClassLoader@2989fdf1 for default.
[2025-12-18T14:04:38.625+0000] {subprocess.py:93} INFO - 25/12/18 14:04:38 INFO Executor: Fetching spark://d08db59e672c:34303/jars/postgresql-42.2.18.jar with timestamp 1766066678170
[2025-12-18T14:04:38.650+0000] {subprocess.py:93} INFO - 25/12/18 14:04:38 INFO TransportClientFactory: Successfully created connection to d08db59e672c/172.19.0.9:34303 after 13 ms (0 ms spent in bootstraps)
[2025-12-18T14:04:38.652+0000] {subprocess.py:93} INFO - 25/12/18 14:04:38 INFO Utils: Fetching spark://d08db59e672c:34303/jars/postgresql-42.2.18.jar to /tmp/spark-64a582c2-7121-4ed6-a473-ab6896532ea2/userFiles-d70a9c57-a0f1-4a44-9adb-8bd610f75f0c/fetchFileTemp12852951941832569461.tmp
[2025-12-18T14:04:38.674+0000] {subprocess.py:93} INFO - 25/12/18 14:04:38 INFO Executor: Adding file:/tmp/spark-64a582c2-7121-4ed6-a473-ab6896532ea2/userFiles-d70a9c57-a0f1-4a44-9adb-8bd610f75f0c/postgresql-42.2.18.jar to class loader default
[2025-12-18T14:04:38.678+0000] {subprocess.py:93} INFO - 25/12/18 14:04:38 INFO Utils: Successfully started service 'org.apache.spark.network.netty.NettyBlockTransferService' on port 36531.
[2025-12-18T14:04:38.678+0000] {subprocess.py:93} INFO - 25/12/18 14:04:38 INFO NettyBlockTransferService: Server created on d08db59e672c:36531
[2025-12-18T14:04:38.679+0000] {subprocess.py:93} INFO - 25/12/18 14:04:38 INFO BlockManager: Using org.apache.spark.storage.RandomBlockReplicationPolicy for block replication policy
[2025-12-18T14:04:38.682+0000] {subprocess.py:93} INFO - 25/12/18 14:04:38 INFO BlockManagerMaster: Registering BlockManager BlockManagerId(driver, d08db59e672c, 36531, None)
[2025-12-18T14:04:38.683+0000] {subprocess.py:93} INFO - 25/12/18 14:04:38 INFO BlockManagerMasterEndpoint: Registering block manager d08db59e672c:36531 with 434.4 MiB RAM, BlockManagerId(driver, d08db59e672c, 36531, None)
[2025-12-18T14:04:38.684+0000] {subprocess.py:93} INFO - 25/12/18 14:04:38 INFO BlockManagerMaster: Registered BlockManager BlockManagerId(driver, d08db59e672c, 36531, None)
[2025-12-18T14:04:38.684+0000] {subprocess.py:93} INFO - 25/12/18 14:04:38 INFO BlockManager: Initialized BlockManager: BlockManagerId(driver, d08db59e672c, 36531, None)
[2025-12-18T14:04:38.897+0000] {subprocess.py:93} INFO - 25/12/18 14:04:38 INFO SharedState: Setting hive.metastore.warehouse.dir ('null') to the value of spark.sql.warehouse.dir.
[2025-12-18T14:04:38.898+0000] {subprocess.py:93} INFO - 25/12/18 14:04:38 INFO SharedState: Warehouse path is 'file:/tmp/***tmpd9jlvknh/spark-warehouse'.
[2025-12-18T14:04:39.900+0000] {subprocess.py:93} INFO - Traceback (most recent call last):
[2025-12-18T14:04:39.901+0000] {subprocess.py:93} INFO -   File "/opt/***/spark_jobs/process.py", line 47, in <module>
[2025-12-18T14:04:39.901+0000] {subprocess.py:93} INFO -     main()
[2025-12-18T14:04:39.901+0000] {subprocess.py:93} INFO -   File "/opt/***/spark_jobs/process.py", line 14, in main
[2025-12-18T14:04:39.901+0000] {subprocess.py:93} INFO -     df = spark.read.parquet("hdfs://namenode:9000/user/data/transactions.parquet")
[2025-12-18T14:04:39.901+0000] {subprocess.py:93} INFO -   File "/home/***/.local/lib/python3.9/site-packages/pyspark/python/lib/pyspark.zip/pyspark/sql/readwriter.py", line 544, in parquet
[2025-12-18T14:04:39.901+0000] {subprocess.py:93} INFO -   File "/home/***/.local/lib/python3.9/site-packages/pyspark/python/lib/py4j-0.10.9.7-src.zip/py4j/java_gateway.py", line 1322, in __call__
[2025-12-18T14:04:39.901+0000] {subprocess.py:93} INFO -   File "/home/***/.local/lib/python3.9/site-packages/pyspark/python/lib/pyspark.zip/pyspark/errors/exceptions/captured.py", line 185, in deco
[2025-12-18T14:04:39.905+0000] {subprocess.py:93} INFO - pyspark.errors.exceptions.captured.AnalysisException: [PATH_NOT_FOUND] Path does not exist: hdfs://namenode:9000/user/data/transactions.parquet.
[2025-12-18T14:04:39.952+0000] {subprocess.py:93} INFO - 25/12/18 14:04:39 INFO SparkContext: Invoking stop() from shutdown hook
[2025-12-18T14:04:39.952+0000] {subprocess.py:93} INFO - 25/12/18 14:04:39 INFO SparkContext: SparkContext is stopping with exitCode 0.
[2025-12-18T14:04:39.958+0000] {subprocess.py:93} INFO - 25/12/18 14:04:39 INFO SparkUI: Stopped Spark web UI at http://d08db59e672c:4040
[2025-12-18T14:04:39.963+0000] {subprocess.py:93} INFO - 25/12/18 14:04:39 INFO MapOutputTrackerMasterEndpoint: MapOutputTrackerMasterEndpoint stopped!
[2025-12-18T14:04:39.974+0000] {subprocess.py:93} INFO - 25/12/18 14:04:39 INFO MemoryStore: MemoryStore cleared
[2025-12-18T14:04:39.975+0000] {subprocess.py:93} INFO - 25/12/18 14:04:39 INFO BlockManager: BlockManager stopped
[2025-12-18T14:04:39.977+0000] {subprocess.py:93} INFO - 25/12/18 14:04:39 INFO BlockManagerMaster: BlockManagerMaster stopped
[2025-12-18T14:04:39.978+0000] {subprocess.py:93} INFO - 25/12/18 14:04:39 INFO OutputCommitCoordinator$OutputCommitCoordinatorEndpoint: OutputCommitCoordinator stopped!
[2025-12-18T14:04:39.985+0000] {subprocess.py:93} INFO - 25/12/18 14:04:39 INFO SparkContext: Successfully stopped SparkContext
[2025-12-18T14:04:39.985+0000] {subprocess.py:93} INFO - 25/12/18 14:04:39 INFO ShutdownHookManager: Shutdown hook called
[2025-12-18T14:04:39.985+0000] {subprocess.py:93} INFO - 25/12/18 14:04:39 INFO ShutdownHookManager: Deleting directory /tmp/spark-64a582c2-7121-4ed6-a473-ab6896532ea2/pyspark-6224cf47-8b2a-4ed2-8c6e-0e7278eaa079
[2025-12-18T14:04:39.986+0000] {subprocess.py:93} INFO - 25/12/18 14:04:39 INFO ShutdownHookManager: Deleting directory /tmp/spark-64a582c2-7121-4ed6-a473-ab6896532ea2
[2025-12-18T14:04:39.988+0000] {subprocess.py:93} INFO - 25/12/18 14:04:39 INFO ShutdownHookManager: Deleting directory /tmp/spark-9e6c26c9-9e4f-49cb-b60a-7c0f728e55b0
[2025-12-18T14:04:40.007+0000] {subprocess.py:97} INFO - Command exited with return code 1
[2025-12-18T14:04:40.022+0000] {taskinstance.py:1935} ERROR - Task failed with exception
Traceback (most recent call last):
  File "/home/airflow/.local/lib/python3.9/site-packages/airflow/operators/bash.py", line 210, in execute
    raise AirflowException(
airflow.exceptions.AirflowException: Bash command failed. The command returned a non-zero exit code 1.
[2025-12-18T14:04:40.026+0000] {taskinstance.py:1398} INFO - Marking task as UP_FOR_RETRY. dag_id=bank_bigdata_pipeline, task_id=run_spark_job, execution_date=20251218T140433, start_date=20251218T140435, end_date=20251218T140440
[2025-12-18T14:04:40.034+0000] {standard_task_runner.py:104} ERROR - Failed to execute job 3 for task run_spark_job (Bash command failed. The command returned a non-zero exit code 1.; 176)
[2025-12-18T14:04:40.082+0000] {local_task_job_runner.py:228} INFO - Task exited with return code 1
[2025-12-18T14:04:40.101+0000] {taskinstance.py:2776} INFO - 0 downstream tasks scheduled from follow-on schedule check
