[2025-12-18T14:04:35.138+0000] {taskinstance.py:1157} INFO - Dependencies all met for dep_context=non-requeueable deps ti=<TaskInstance: bank_bigdata_pipeline.upload_to_hdfs manual__2025-12-18T14:04:33.303308+00:00 [queued]>
[2025-12-18T14:04:35.143+0000] {taskinstance.py:1157} INFO - Dependencies all met for dep_context=requeueable deps ti=<TaskInstance: bank_bigdata_pipeline.upload_to_hdfs manual__2025-12-18T14:04:33.303308+00:00 [queued]>
[2025-12-18T14:04:35.144+0000] {taskinstance.py:1359} INFO - Starting attempt 1 of 2
[2025-12-18T14:04:35.148+0000] {taskinstance.py:1380} INFO - Executing <Task(BashOperator): upload_to_hdfs> on 2025-12-18 14:04:33.303308+00:00
[2025-12-18T14:04:35.151+0000] {standard_task_runner.py:57} INFO - Started process 170 to run task
[2025-12-18T14:04:35.154+0000] {standard_task_runner.py:84} INFO - Running: ['***', 'tasks', 'run', 'bank_bigdata_pipeline', 'upload_to_hdfs', 'manual__2025-12-18T14:04:33.303308+00:00', '--job-id', '2', '--raw', '--subdir', 'DAGS_FOLDER/etl_dag.py', '--cfg-path', '/tmp/tmpbdsdufd1']
[2025-12-18T14:04:35.157+0000] {standard_task_runner.py:85} INFO - Job 2: Subtask upload_to_hdfs
[2025-12-18T14:04:35.189+0000] {task_command.py:415} INFO - Running <TaskInstance: bank_bigdata_pipeline.upload_to_hdfs manual__2025-12-18T14:04:33.303308+00:00 [running]> on host d08db59e672c
[2025-12-18T14:04:35.232+0000] {taskinstance.py:1660} INFO - Exporting env vars: AIRFLOW_CTX_DAG_OWNER='student' AIRFLOW_CTX_DAG_ID='bank_bigdata_pipeline' AIRFLOW_CTX_TASK_ID='upload_to_hdfs' AIRFLOW_CTX_EXECUTION_DATE='2025-12-18T14:04:33.303308+00:00' AIRFLOW_CTX_TRY_NUMBER='1' AIRFLOW_CTX_DAG_RUN_ID='manual__2025-12-18T14:04:33.303308+00:00'
[2025-12-18T14:04:35.232+0000] {subprocess.py:63} INFO - Tmp dir root location: /tmp
[2025-12-18T14:04:35.233+0000] {subprocess.py:75} INFO - Running command: ['/bin/bash', '-c', '\n            hdfs dfs -fs hdfs://namenode:9000 -mkdir -p /user/data/\n            hdfs dfs -fs hdfs://namenode:9000 -rm -f /user/data/transactions.parquet\n            hdfs dfs -fs hdfs://namenode:9000 -put /opt/***/data/train_1.parquet /user/data/transactions.parquet\n            echo "Upload complete"\n        ']
[2025-12-18T14:04:35.237+0000] {subprocess.py:86} INFO - Output:
[2025-12-18T14:04:35.239+0000] {subprocess.py:93} INFO - /bin/bash: line 2: hdfs: command not found
[2025-12-18T14:04:35.239+0000] {subprocess.py:93} INFO - /bin/bash: line 3: hdfs: command not found
[2025-12-18T14:04:35.239+0000] {subprocess.py:93} INFO - /bin/bash: line 4: hdfs: command not found
[2025-12-18T14:04:35.240+0000] {subprocess.py:93} INFO - Upload complete
[2025-12-18T14:04:35.240+0000] {subprocess.py:97} INFO - Command exited with return code 0
[2025-12-18T14:04:35.253+0000] {taskinstance.py:1398} INFO - Marking task as SUCCESS. dag_id=bank_bigdata_pipeline, task_id=upload_to_hdfs, execution_date=20251218T140433, start_date=20251218T140435, end_date=20251218T140435
[2025-12-18T14:04:35.295+0000] {local_task_job_runner.py:228} INFO - Task exited with return code 0
[2025-12-18T14:04:35.304+0000] {taskinstance.py:2776} INFO - 0 downstream tasks scheduled from follow-on schedule check
