[2025-12-18T14:12:07.932+0000] {taskinstance.py:1157} INFO - Dependencies all met for dep_context=non-requeueable deps ti=<TaskInstance: bank_bigdata_pipeline.run_spark_job manual__2025-12-18T14:12:06.563031+00:00 [queued]>
[2025-12-18T14:12:07.935+0000] {taskinstance.py:1157} INFO - Dependencies all met for dep_context=requeueable deps ti=<TaskInstance: bank_bigdata_pipeline.run_spark_job manual__2025-12-18T14:12:06.563031+00:00 [queued]>
[2025-12-18T14:12:07.935+0000] {taskinstance.py:1359} INFO - Starting attempt 1 of 2
[2025-12-18T14:12:07.939+0000] {taskinstance.py:1380} INFO - Executing <Task(BashOperator): run_spark_job> on 2025-12-18 14:12:06.563031+00:00
[2025-12-18T14:12:07.942+0000] {standard_task_runner.py:57} INFO - Started process 767 to run task
[2025-12-18T14:12:07.943+0000] {standard_task_runner.py:84} INFO - Running: ['***', 'tasks', 'run', 'bank_bigdata_pipeline', 'run_spark_job', 'manual__2025-12-18T14:12:06.563031+00:00', '--job-id', '8', '--raw', '--subdir', 'DAGS_FOLDER/etl_dag.py', '--cfg-path', '/tmp/tmperc8e2tb']
[2025-12-18T14:12:07.944+0000] {standard_task_runner.py:85} INFO - Job 8: Subtask run_spark_job
[2025-12-18T14:12:07.967+0000] {task_command.py:415} INFO - Running <TaskInstance: bank_bigdata_pipeline.run_spark_job manual__2025-12-18T14:12:06.563031+00:00 [running]> on host d08db59e672c
[2025-12-18T14:12:07.996+0000] {taskinstance.py:1660} INFO - Exporting env vars: AIRFLOW_CTX_DAG_OWNER='student' AIRFLOW_CTX_DAG_ID='bank_bigdata_pipeline' AIRFLOW_CTX_TASK_ID='run_spark_job' AIRFLOW_CTX_EXECUTION_DATE='2025-12-18T14:12:06.563031+00:00' AIRFLOW_CTX_TRY_NUMBER='1' AIRFLOW_CTX_DAG_RUN_ID='manual__2025-12-18T14:12:06.563031+00:00'
[2025-12-18T14:12:07.997+0000] {subprocess.py:63} INFO - Tmp dir root location: /tmp
[2025-12-18T14:12:07.998+0000] {subprocess.py:75} INFO - Running command: ['/bin/bash', '-c', '\n            export JAVA_HOME=/usr/lib/jvm/default-java\n            spark-submit             --master local[*]             --driver-class-path /home/***/postgresql-42.2.18.jar             --jars /home/***/postgresql-42.2.18.jar             /opt/***/spark_jobs/process.py\n        ']
[2025-12-18T14:12:08.002+0000] {subprocess.py:86} INFO - Output:
[2025-12-18T14:12:09.296+0000] {subprocess.py:93} INFO - 25/12/18 14:12:09 WARN NativeCodeLoader: Unable to load native-hadoop library for your platform... using builtin-java classes where applicable
[2025-12-18T14:12:10.089+0000] {subprocess.py:93} INFO - 25/12/18 14:12:10 INFO SparkContext: Running Spark version 3.5.1
[2025-12-18T14:12:10.089+0000] {subprocess.py:93} INFO - 25/12/18 14:12:10 INFO SparkContext: OS info Linux, 6.12.54-linuxkit, aarch64
[2025-12-18T14:12:10.089+0000] {subprocess.py:93} INFO - 25/12/18 14:12:10 INFO SparkContext: Java version 11.0.29
[2025-12-18T14:12:10.108+0000] {subprocess.py:93} INFO - 25/12/18 14:12:10 INFO ResourceUtils: ==============================================================
[2025-12-18T14:12:10.108+0000] {subprocess.py:93} INFO - 25/12/18 14:12:10 INFO ResourceUtils: No custom resources configured for spark.driver.
[2025-12-18T14:12:10.108+0000] {subprocess.py:93} INFO - 25/12/18 14:12:10 INFO ResourceUtils: ==============================================================
[2025-12-18T14:12:10.108+0000] {subprocess.py:93} INFO - 25/12/18 14:12:10 INFO SparkContext: Submitted application: BankTransactionsML
[2025-12-18T14:12:10.118+0000] {subprocess.py:93} INFO - 25/12/18 14:12:10 INFO ResourceProfile: Default ResourceProfile created, executor resources: Map(cores -> name: cores, amount: 1, script: , vendor: , memory -> name: memory, amount: 1024, script: , vendor: , offHeap -> name: offHeap, amount: 0, script: , vendor: ), task resources: Map(cpus -> name: cpus, amount: 1.0)
[2025-12-18T14:12:10.126+0000] {subprocess.py:93} INFO - 25/12/18 14:12:10 INFO ResourceProfile: Limiting resource is cpu
[2025-12-18T14:12:10.127+0000] {subprocess.py:93} INFO - 25/12/18 14:12:10 INFO ResourceProfileManager: Added ResourceProfile id: 0
[2025-12-18T14:12:10.169+0000] {subprocess.py:93} INFO - 25/12/18 14:12:10 INFO SecurityManager: Changing view acls to: ***
[2025-12-18T14:12:10.170+0000] {subprocess.py:93} INFO - 25/12/18 14:12:10 INFO SecurityManager: Changing modify acls to: ***
[2025-12-18T14:12:10.170+0000] {subprocess.py:93} INFO - 25/12/18 14:12:10 INFO SecurityManager: Changing view acls groups to:
[2025-12-18T14:12:10.171+0000] {subprocess.py:93} INFO - 25/12/18 14:12:10 INFO SecurityManager: Changing modify acls groups to:
[2025-12-18T14:12:10.171+0000] {subprocess.py:93} INFO - 25/12/18 14:12:10 INFO SecurityManager: SecurityManager: authentication disabled; ui acls disabled; users with view permissions: ***; groups with view permissions: EMPTY; users with modify permissions: ***; groups with modify permissions: EMPTY
[2025-12-18T14:12:10.313+0000] {subprocess.py:93} INFO - 25/12/18 14:12:10 INFO Utils: Successfully started service 'sparkDriver' on port 37685.
[2025-12-18T14:12:10.328+0000] {subprocess.py:93} INFO - 25/12/18 14:12:10 INFO SparkEnv: Registering MapOutputTracker
[2025-12-18T14:12:10.345+0000] {subprocess.py:93} INFO - 25/12/18 14:12:10 INFO SparkEnv: Registering BlockManagerMaster
[2025-12-18T14:12:10.357+0000] {subprocess.py:93} INFO - 25/12/18 14:12:10 INFO BlockManagerMasterEndpoint: Using org.apache.spark.storage.DefaultTopologyMapper for getting topology information
[2025-12-18T14:12:10.358+0000] {subprocess.py:93} INFO - 25/12/18 14:12:10 INFO BlockManagerMasterEndpoint: BlockManagerMasterEndpoint up
[2025-12-18T14:12:10.358+0000] {subprocess.py:93} INFO - 25/12/18 14:12:10 INFO SparkEnv: Registering BlockManagerMasterHeartbeat
[2025-12-18T14:12:10.378+0000] {subprocess.py:93} INFO - 25/12/18 14:12:10 INFO DiskBlockManager: Created local directory at /tmp/blockmgr-2466418d-63e3-49a8-83fe-016f56185d52
[2025-12-18T14:12:10.388+0000] {subprocess.py:93} INFO - 25/12/18 14:12:10 INFO MemoryStore: MemoryStore started with capacity 434.4 MiB
[2025-12-18T14:12:10.399+0000] {subprocess.py:93} INFO - 25/12/18 14:12:10 INFO SparkEnv: Registering OutputCommitCoordinator
[2025-12-18T14:12:10.484+0000] {subprocess.py:93} INFO - 25/12/18 14:12:10 INFO JettyUtils: Start Jetty 0.0.0.0:4040 for SparkUI
[2025-12-18T14:12:10.509+0000] {subprocess.py:93} INFO - 25/12/18 14:12:10 INFO Utils: Successfully started service 'SparkUI' on port 4040.
[2025-12-18T14:12:10.523+0000] {subprocess.py:93} INFO - 25/12/18 14:12:10 INFO SparkContext: Added JAR file:///home/***/postgresql-42.2.18.jar at spark://d08db59e672c:37685/jars/postgresql-42.2.18.jar with timestamp 1766067130082
[2025-12-18T14:12:10.548+0000] {subprocess.py:93} INFO - 25/12/18 14:12:10 INFO Executor: Starting executor ID driver on host d08db59e672c
[2025-12-18T14:12:10.549+0000] {subprocess.py:93} INFO - 25/12/18 14:12:10 INFO Executor: OS info Linux, 6.12.54-linuxkit, aarch64
[2025-12-18T14:12:10.549+0000] {subprocess.py:93} INFO - 25/12/18 14:12:10 INFO Executor: Java version 11.0.29
[2025-12-18T14:12:10.551+0000] {subprocess.py:93} INFO - 25/12/18 14:12:10 INFO Executor: Starting executor with user classpath (userClassPathFirst = false): ''
[2025-12-18T14:12:10.551+0000] {subprocess.py:93} INFO - 25/12/18 14:12:10 INFO Executor: Created or updated repl class loader org.apache.spark.util.MutableURLClassLoader@59916cb6 for default.
[2025-12-18T14:12:10.555+0000] {subprocess.py:93} INFO - 25/12/18 14:12:10 INFO Executor: Fetching spark://d08db59e672c:37685/jars/postgresql-42.2.18.jar with timestamp 1766067130082
[2025-12-18T14:12:10.580+0000] {subprocess.py:93} INFO - 25/12/18 14:12:10 INFO TransportClientFactory: Successfully created connection to d08db59e672c/172.19.0.9:37685 after 14 ms (0 ms spent in bootstraps)
[2025-12-18T14:12:10.583+0000] {subprocess.py:93} INFO - 25/12/18 14:12:10 INFO Utils: Fetching spark://d08db59e672c:37685/jars/postgresql-42.2.18.jar to /tmp/spark-3009976d-f412-4283-8e00-efb8221087f2/userFiles-48cd4ee4-de38-4b7c-9824-aa179b173f47/fetchFileTemp6186545801603298215.tmp
[2025-12-18T14:12:10.605+0000] {subprocess.py:93} INFO - 25/12/18 14:12:10 INFO Executor: Adding file:/tmp/spark-3009976d-f412-4283-8e00-efb8221087f2/userFiles-48cd4ee4-de38-4b7c-9824-aa179b173f47/postgresql-42.2.18.jar to class loader default
[2025-12-18T14:12:10.609+0000] {subprocess.py:93} INFO - 25/12/18 14:12:10 INFO Utils: Successfully started service 'org.apache.spark.network.netty.NettyBlockTransferService' on port 33887.
[2025-12-18T14:12:10.609+0000] {subprocess.py:93} INFO - 25/12/18 14:12:10 INFO NettyBlockTransferService: Server created on d08db59e672c:33887
[2025-12-18T14:12:10.610+0000] {subprocess.py:93} INFO - 25/12/18 14:12:10 INFO BlockManager: Using org.apache.spark.storage.RandomBlockReplicationPolicy for block replication policy
[2025-12-18T14:12:10.612+0000] {subprocess.py:93} INFO - 25/12/18 14:12:10 INFO BlockManagerMaster: Registering BlockManager BlockManagerId(driver, d08db59e672c, 33887, None)
[2025-12-18T14:12:10.613+0000] {subprocess.py:93} INFO - 25/12/18 14:12:10 INFO BlockManagerMasterEndpoint: Registering block manager d08db59e672c:33887 with 434.4 MiB RAM, BlockManagerId(driver, d08db59e672c, 33887, None)
[2025-12-18T14:12:10.614+0000] {subprocess.py:93} INFO - 25/12/18 14:12:10 INFO BlockManagerMaster: Registered BlockManager BlockManagerId(driver, d08db59e672c, 33887, None)
[2025-12-18T14:12:10.615+0000] {subprocess.py:93} INFO - 25/12/18 14:12:10 INFO BlockManager: Initialized BlockManager: BlockManagerId(driver, d08db59e672c, 33887, None)
[2025-12-18T14:12:10.769+0000] {subprocess.py:93} INFO - 25/12/18 14:12:10 INFO SharedState: Setting hive.metastore.warehouse.dir ('null') to the value of spark.sql.warehouse.dir.
[2025-12-18T14:12:10.772+0000] {subprocess.py:93} INFO - 25/12/18 14:12:10 INFO SharedState: Warehouse path is 'file:/tmp/***tmpty7xnh43/spark-warehouse'.
[2025-12-18T14:12:11.420+0000] {subprocess.py:93} INFO - Traceback (most recent call last):
[2025-12-18T14:12:11.420+0000] {subprocess.py:93} INFO -   File "/opt/***/spark_jobs/process.py", line 47, in <module>
[2025-12-18T14:12:11.420+0000] {subprocess.py:93} INFO -     main()
[2025-12-18T14:12:11.421+0000] {subprocess.py:93} INFO -   File "/opt/***/spark_jobs/process.py", line 14, in main
[2025-12-18T14:12:11.421+0000] {subprocess.py:93} INFO -     df = spark.read.parquet("hdfs://namenode:9000/user/data/transactions.parquet")
[2025-12-18T14:12:11.421+0000] {subprocess.py:93} INFO -   File "/home/***/.local/lib/python3.9/site-packages/pyspark/python/lib/pyspark.zip/pyspark/sql/readwriter.py", line 544, in parquet
[2025-12-18T14:12:11.421+0000] {subprocess.py:93} INFO -   File "/home/***/.local/lib/python3.9/site-packages/pyspark/python/lib/py4j-0.10.9.7-src.zip/py4j/java_gateway.py", line 1322, in __call__
[2025-12-18T14:12:11.421+0000] {subprocess.py:93} INFO -   File "/home/***/.local/lib/python3.9/site-packages/pyspark/python/lib/pyspark.zip/pyspark/errors/exceptions/captured.py", line 185, in deco
[2025-12-18T14:12:11.424+0000] {subprocess.py:93} INFO - pyspark.errors.exceptions.captured.AnalysisException: [PATH_NOT_FOUND] Path does not exist: hdfs://namenode:9000/user/data/transactions.parquet.
[2025-12-18T14:12:11.457+0000] {subprocess.py:93} INFO - 25/12/18 14:12:11 INFO SparkContext: Invoking stop() from shutdown hook
[2025-12-18T14:12:11.457+0000] {subprocess.py:93} INFO - 25/12/18 14:12:11 INFO SparkContext: SparkContext is stopping with exitCode 0.
[2025-12-18T14:12:11.461+0000] {subprocess.py:93} INFO - 25/12/18 14:12:11 INFO SparkUI: Stopped Spark web UI at http://d08db59e672c:4040
[2025-12-18T14:12:11.466+0000] {subprocess.py:93} INFO - 25/12/18 14:12:11 INFO MapOutputTrackerMasterEndpoint: MapOutputTrackerMasterEndpoint stopped!
[2025-12-18T14:12:11.474+0000] {subprocess.py:93} INFO - 25/12/18 14:12:11 INFO MemoryStore: MemoryStore cleared
[2025-12-18T14:12:11.474+0000] {subprocess.py:93} INFO - 25/12/18 14:12:11 INFO BlockManager: BlockManager stopped
[2025-12-18T14:12:11.476+0000] {subprocess.py:93} INFO - 25/12/18 14:12:11 INFO BlockManagerMaster: BlockManagerMaster stopped
[2025-12-18T14:12:11.477+0000] {subprocess.py:93} INFO - 25/12/18 14:12:11 INFO OutputCommitCoordinator$OutputCommitCoordinatorEndpoint: OutputCommitCoordinator stopped!
[2025-12-18T14:12:11.481+0000] {subprocess.py:93} INFO - 25/12/18 14:12:11 INFO SparkContext: Successfully stopped SparkContext
[2025-12-18T14:12:11.481+0000] {subprocess.py:93} INFO - 25/12/18 14:12:11 INFO ShutdownHookManager: Shutdown hook called
[2025-12-18T14:12:11.481+0000] {subprocess.py:93} INFO - 25/12/18 14:12:11 INFO ShutdownHookManager: Deleting directory /tmp/spark-404ccebf-3d34-441d-8cb7-4f2d36abf097
[2025-12-18T14:12:11.482+0000] {subprocess.py:93} INFO - 25/12/18 14:12:11 INFO ShutdownHookManager: Deleting directory /tmp/spark-3009976d-f412-4283-8e00-efb8221087f2/pyspark-a1057b9e-f56f-4efc-bb36-5a7603435756
[2025-12-18T14:12:11.483+0000] {subprocess.py:93} INFO - 25/12/18 14:12:11 INFO ShutdownHookManager: Deleting directory /tmp/spark-3009976d-f412-4283-8e00-efb8221087f2
[2025-12-18T14:12:11.499+0000] {subprocess.py:97} INFO - Command exited with return code 1
[2025-12-18T14:12:11.508+0000] {taskinstance.py:1935} ERROR - Task failed with exception
Traceback (most recent call last):
  File "/home/airflow/.local/lib/python3.9/site-packages/airflow/operators/bash.py", line 210, in execute
    raise AirflowException(
airflow.exceptions.AirflowException: Bash command failed. The command returned a non-zero exit code 1.
[2025-12-18T14:12:11.510+0000] {taskinstance.py:1398} INFO - Marking task as UP_FOR_RETRY. dag_id=bank_bigdata_pipeline, task_id=run_spark_job, execution_date=20251218T141206, start_date=20251218T141207, end_date=20251218T141211
[2025-12-18T14:12:11.516+0000] {standard_task_runner.py:104} ERROR - Failed to execute job 8 for task run_spark_job (Bash command failed. The command returned a non-zero exit code 1.; 767)
[2025-12-18T14:12:11.533+0000] {local_task_job_runner.py:228} INFO - Task exited with return code 1
[2025-12-18T14:12:11.546+0000] {taskinstance.py:2776} INFO - 0 downstream tasks scheduled from follow-on schedule check
