[2025-12-18T14:29:52.077+0000] {taskinstance.py:1157} INFO - Dependencies all met for dep_context=non-requeueable deps ti=<TaskInstance: bank_bigdata_pipeline.run_spark_job manual__2025-12-18T14:12:06.563031+00:00 [queued]>
[2025-12-18T14:29:52.081+0000] {taskinstance.py:1157} INFO - Dependencies all met for dep_context=requeueable deps ti=<TaskInstance: bank_bigdata_pipeline.run_spark_job manual__2025-12-18T14:12:06.563031+00:00 [queued]>
[2025-12-18T14:29:52.082+0000] {taskinstance.py:1359} INFO - Starting attempt 2 of 2
[2025-12-18T14:29:52.089+0000] {taskinstance.py:1380} INFO - Executing <Task(BashOperator): run_spark_job> on 2025-12-18 14:12:06.563031+00:00
[2025-12-18T14:29:52.093+0000] {standard_task_runner.py:57} INFO - Started process 947 to run task
[2025-12-18T14:29:52.096+0000] {standard_task_runner.py:84} INFO - Running: ['***', 'tasks', 'run', 'bank_bigdata_pipeline', 'run_spark_job', 'manual__2025-12-18T14:12:06.563031+00:00', '--job-id', '10', '--raw', '--subdir', 'DAGS_FOLDER/etl_dag.py', '--cfg-path', '/tmp/tmpvefa596g']
[2025-12-18T14:29:52.099+0000] {standard_task_runner.py:85} INFO - Job 10: Subtask run_spark_job
[2025-12-18T14:29:52.144+0000] {task_command.py:415} INFO - Running <TaskInstance: bank_bigdata_pipeline.run_spark_job manual__2025-12-18T14:12:06.563031+00:00 [running]> on host d08db59e672c
[2025-12-18T14:29:52.182+0000] {taskinstance.py:1660} INFO - Exporting env vars: AIRFLOW_CTX_DAG_OWNER='student' AIRFLOW_CTX_DAG_ID='bank_bigdata_pipeline' AIRFLOW_CTX_TASK_ID='run_spark_job' AIRFLOW_CTX_EXECUTION_DATE='2025-12-18T14:12:06.563031+00:00' AIRFLOW_CTX_TRY_NUMBER='2' AIRFLOW_CTX_DAG_RUN_ID='manual__2025-12-18T14:12:06.563031+00:00'
[2025-12-18T14:29:52.183+0000] {subprocess.py:63} INFO - Tmp dir root location: /tmp
[2025-12-18T14:29:52.184+0000] {subprocess.py:75} INFO - Running command: ['/bin/bash', '-c', '\n            export JAVA_HOME=/usr/lib/jvm/default-java\n            spark-submit             --master local[*]             --driver-class-path /home/***/postgresql-42.2.18.jar             --jars /home/***/postgresql-42.2.18.jar             /opt/***/spark_jobs/process.py\n        ']
[2025-12-18T14:29:52.189+0000] {subprocess.py:86} INFO - Output:
[2025-12-18T14:29:55.879+0000] {subprocess.py:93} INFO - 25/12/18 14:29:55 WARN NativeCodeLoader: Unable to load native-hadoop library for your platform... using builtin-java classes where applicable
[2025-12-18T14:29:57.693+0000] {subprocess.py:93} INFO - 25/12/18 14:29:57 INFO SparkContext: Running Spark version 3.5.1
[2025-12-18T14:29:57.694+0000] {subprocess.py:93} INFO - 25/12/18 14:29:57 INFO SparkContext: OS info Linux, 6.12.54-linuxkit, aarch64
[2025-12-18T14:29:57.694+0000] {subprocess.py:93} INFO - 25/12/18 14:29:57 INFO SparkContext: Java version 11.0.29
[2025-12-18T14:29:57.726+0000] {subprocess.py:93} INFO - 25/12/18 14:29:57 INFO ResourceUtils: ==============================================================
[2025-12-18T14:29:57.727+0000] {subprocess.py:93} INFO - 25/12/18 14:29:57 INFO ResourceUtils: No custom resources configured for spark.driver.
[2025-12-18T14:29:57.727+0000] {subprocess.py:93} INFO - 25/12/18 14:29:57 INFO ResourceUtils: ==============================================================
[2025-12-18T14:29:57.727+0000] {subprocess.py:93} INFO - 25/12/18 14:29:57 INFO SparkContext: Submitted application: BankTransactionsML
[2025-12-18T14:29:57.747+0000] {subprocess.py:93} INFO - 25/12/18 14:29:57 INFO ResourceProfile: Default ResourceProfile created, executor resources: Map(cores -> name: cores, amount: 1, script: , vendor: , memory -> name: memory, amount: 1024, script: , vendor: , offHeap -> name: offHeap, amount: 0, script: , vendor: ), task resources: Map(cpus -> name: cpus, amount: 1.0)
[2025-12-18T14:29:57.775+0000] {subprocess.py:93} INFO - 25/12/18 14:29:57 INFO ResourceProfile: Limiting resource is cpu
[2025-12-18T14:29:57.776+0000] {subprocess.py:93} INFO - 25/12/18 14:29:57 INFO ResourceProfileManager: Added ResourceProfile id: 0
[2025-12-18T14:29:57.878+0000] {subprocess.py:93} INFO - 25/12/18 14:29:57 INFO SecurityManager: Changing view acls to: ***
[2025-12-18T14:29:57.879+0000] {subprocess.py:93} INFO - 25/12/18 14:29:57 INFO SecurityManager: Changing modify acls to: ***
[2025-12-18T14:29:57.879+0000] {subprocess.py:93} INFO - 25/12/18 14:29:57 INFO SecurityManager: Changing view acls groups to:
[2025-12-18T14:29:57.880+0000] {subprocess.py:93} INFO - 25/12/18 14:29:57 INFO SecurityManager: Changing modify acls groups to:
[2025-12-18T14:29:57.880+0000] {subprocess.py:93} INFO - 25/12/18 14:29:57 INFO SecurityManager: SecurityManager: authentication disabled; ui acls disabled; users with view permissions: ***; groups with view permissions: EMPTY; users with modify permissions: ***; groups with modify permissions: EMPTY
[2025-12-18T14:29:58.275+0000] {subprocess.py:93} INFO - 25/12/18 14:29:58 INFO Utils: Successfully started service 'sparkDriver' on port 46319.
[2025-12-18T14:29:58.344+0000] {subprocess.py:93} INFO - 25/12/18 14:29:58 INFO SparkEnv: Registering MapOutputTracker
[2025-12-18T14:29:58.400+0000] {subprocess.py:93} INFO - 25/12/18 14:29:58 INFO SparkEnv: Registering BlockManagerMaster
[2025-12-18T14:29:58.438+0000] {subprocess.py:93} INFO - 25/12/18 14:29:58 INFO BlockManagerMasterEndpoint: Using org.apache.spark.storage.DefaultTopologyMapper for getting topology information
[2025-12-18T14:29:58.448+0000] {subprocess.py:93} INFO - 25/12/18 14:29:58 INFO BlockManagerMasterEndpoint: BlockManagerMasterEndpoint up
[2025-12-18T14:29:58.458+0000] {subprocess.py:93} INFO - 25/12/18 14:29:58 INFO SparkEnv: Registering BlockManagerMasterHeartbeat
[2025-12-18T14:29:58.519+0000] {subprocess.py:93} INFO - 25/12/18 14:29:58 INFO DiskBlockManager: Created local directory at /tmp/blockmgr-ea2a7111-8a58-4c88-bc53-29cb5a706960
[2025-12-18T14:29:58.555+0000] {subprocess.py:93} INFO - 25/12/18 14:29:58 INFO MemoryStore: MemoryStore started with capacity 434.4 MiB
[2025-12-18T14:29:58.601+0000] {subprocess.py:93} INFO - 25/12/18 14:29:58 INFO SparkEnv: Registering OutputCommitCoordinator
[2025-12-18T14:29:58.834+0000] {subprocess.py:93} INFO - 25/12/18 14:29:58 INFO JettyUtils: Start Jetty 0.0.0.0:4040 for SparkUI
[2025-12-18T14:29:58.916+0000] {subprocess.py:93} INFO - 25/12/18 14:29:58 WARN Utils: Service 'SparkUI' could not bind on port 4040. Attempting port 4041.
[2025-12-18T14:29:58.925+0000] {subprocess.py:93} INFO - 25/12/18 14:29:58 INFO Utils: Successfully started service 'SparkUI' on port 4041.
[2025-12-18T14:29:58.973+0000] {subprocess.py:93} INFO - 25/12/18 14:29:58 INFO SparkContext: Added JAR file:///home/***/postgresql-42.2.18.jar at spark://d08db59e672c:46319/jars/postgresql-42.2.18.jar with timestamp 1766068197681
[2025-12-18T14:29:59.064+0000] {subprocess.py:93} INFO - 25/12/18 14:29:59 INFO Executor: Starting executor ID driver on host d08db59e672c
[2025-12-18T14:29:59.064+0000] {subprocess.py:93} INFO - 25/12/18 14:29:59 INFO Executor: OS info Linux, 6.12.54-linuxkit, aarch64
[2025-12-18T14:29:59.065+0000] {subprocess.py:93} INFO - 25/12/18 14:29:59 INFO Executor: Java version 11.0.29
[2025-12-18T14:29:59.072+0000] {subprocess.py:93} INFO - 25/12/18 14:29:59 INFO Executor: Starting executor with user classpath (userClassPathFirst = false): ''
[2025-12-18T14:29:59.072+0000] {subprocess.py:93} INFO - 25/12/18 14:29:59 INFO Executor: Created or updated repl class loader org.apache.spark.util.MutableURLClassLoader@68a2f3fc for default.
[2025-12-18T14:29:59.087+0000] {subprocess.py:93} INFO - 25/12/18 14:29:59 INFO Executor: Fetching spark://d08db59e672c:46319/jars/postgresql-42.2.18.jar with timestamp 1766068197681
[2025-12-18T14:29:59.155+0000] {subprocess.py:93} INFO - 25/12/18 14:29:59 INFO TransportClientFactory: Successfully created connection to d08db59e672c/172.19.0.9:46319 after 35 ms (0 ms spent in bootstraps)
[2025-12-18T14:29:59.164+0000] {subprocess.py:93} INFO - 25/12/18 14:29:59 INFO Utils: Fetching spark://d08db59e672c:46319/jars/postgresql-42.2.18.jar to /tmp/spark-d717c603-398a-43e5-a508-ae3955bbdec9/userFiles-7bbd4b13-29e5-4fc8-aaa3-0fbc4e6d621f/fetchFileTemp1303695416442152474.tmp
[2025-12-18T14:29:59.257+0000] {subprocess.py:93} INFO - 25/12/18 14:29:59 INFO Executor: Adding file:/tmp/spark-d717c603-398a-43e5-a508-ae3955bbdec9/userFiles-7bbd4b13-29e5-4fc8-aaa3-0fbc4e6d621f/postgresql-42.2.18.jar to class loader default
[2025-12-18T14:29:59.274+0000] {subprocess.py:93} INFO - 25/12/18 14:29:59 INFO Utils: Successfully started service 'org.apache.spark.network.netty.NettyBlockTransferService' on port 40957.
[2025-12-18T14:29:59.274+0000] {subprocess.py:93} INFO - 25/12/18 14:29:59 INFO NettyBlockTransferService: Server created on d08db59e672c:40957
[2025-12-18T14:29:59.276+0000] {subprocess.py:93} INFO - 25/12/18 14:29:59 INFO BlockManager: Using org.apache.spark.storage.RandomBlockReplicationPolicy for block replication policy
[2025-12-18T14:29:59.289+0000] {subprocess.py:93} INFO - 25/12/18 14:29:59 INFO BlockManagerMaster: Registering BlockManager BlockManagerId(driver, d08db59e672c, 40957, None)
[2025-12-18T14:29:59.296+0000] {subprocess.py:93} INFO - 25/12/18 14:29:59 INFO BlockManagerMasterEndpoint: Registering block manager d08db59e672c:40957 with 434.4 MiB RAM, BlockManagerId(driver, d08db59e672c, 40957, None)
[2025-12-18T14:29:59.300+0000] {subprocess.py:93} INFO - 25/12/18 14:29:59 INFO BlockManagerMaster: Registered BlockManager BlockManagerId(driver, d08db59e672c, 40957, None)
[2025-12-18T14:29:59.301+0000] {subprocess.py:93} INFO - 25/12/18 14:29:59 INFO BlockManager: Initialized BlockManager: BlockManagerId(driver, d08db59e672c, 40957, None)
[2025-12-18T14:30:00.118+0000] {subprocess.py:93} INFO - 25/12/18 14:30:00 INFO SharedState: Setting hive.metastore.warehouse.dir ('null') to the value of spark.sql.warehouse.dir.
[2025-12-18T14:30:00.122+0000] {subprocess.py:93} INFO - 25/12/18 14:30:00 INFO SharedState: Warehouse path is 'file:/tmp/***tmp0mckii7k/spark-warehouse'.
[2025-12-18T14:30:02.683+0000] {subprocess.py:93} INFO - Traceback (most recent call last):
[2025-12-18T14:30:02.686+0000] {subprocess.py:93} INFO -   File "/opt/***/spark_jobs/process.py", line 47, in <module>
[2025-12-18T14:30:02.687+0000] {subprocess.py:93} INFO -     main()
[2025-12-18T14:30:02.688+0000] {subprocess.py:93} INFO -   File "/opt/***/spark_jobs/process.py", line 14, in main
[2025-12-18T14:30:02.688+0000] {subprocess.py:93} INFO -     df = spark.read.parquet("hdfs://namenode:9000/user/data/transactions.parquet")
[2025-12-18T14:30:02.689+0000] {subprocess.py:93} INFO -   File "/home/***/.local/lib/python3.9/site-packages/pyspark/python/lib/pyspark.zip/pyspark/sql/readwriter.py", line 544, in parquet
[2025-12-18T14:30:02.689+0000] {subprocess.py:93} INFO -   File "/home/***/.local/lib/python3.9/site-packages/pyspark/python/lib/py4j-0.10.9.7-src.zip/py4j/java_gateway.py", line 1322, in __call__
[2025-12-18T14:30:02.689+0000] {subprocess.py:93} INFO -   File "/home/***/.local/lib/python3.9/site-packages/pyspark/python/lib/pyspark.zip/pyspark/errors/exceptions/captured.py", line 185, in deco
[2025-12-18T14:30:02.698+0000] {subprocess.py:93} INFO - pyspark.errors.exceptions.captured.AnalysisException: [PATH_NOT_FOUND] Path does not exist: hdfs://namenode:9000/user/data/transactions.parquet.
[2025-12-18T14:30:02.873+0000] {subprocess.py:93} INFO - 25/12/18 14:30:02 INFO SparkContext: Invoking stop() from shutdown hook
[2025-12-18T14:30:02.874+0000] {subprocess.py:93} INFO - 25/12/18 14:30:02 INFO SparkContext: SparkContext is stopping with exitCode 0.
[2025-12-18T14:30:02.893+0000] {subprocess.py:93} INFO - 25/12/18 14:30:02 INFO SparkUI: Stopped Spark web UI at http://d08db59e672c:4041
[2025-12-18T14:30:02.933+0000] {subprocess.py:93} INFO - 25/12/18 14:30:02 INFO MapOutputTrackerMasterEndpoint: MapOutputTrackerMasterEndpoint stopped!
[2025-12-18T14:30:02.978+0000] {subprocess.py:93} INFO - 25/12/18 14:30:02 INFO MemoryStore: MemoryStore cleared
[2025-12-18T14:30:02.978+0000] {subprocess.py:93} INFO - 25/12/18 14:30:02 INFO BlockManager: BlockManager stopped
[2025-12-18T14:30:02.989+0000] {subprocess.py:93} INFO - 25/12/18 14:30:02 INFO BlockManagerMaster: BlockManagerMaster stopped
[2025-12-18T14:30:02.995+0000] {subprocess.py:93} INFO - 25/12/18 14:30:02 INFO OutputCommitCoordinator$OutputCommitCoordinatorEndpoint: OutputCommitCoordinator stopped!
[2025-12-18T14:30:03.016+0000] {subprocess.py:93} INFO - 25/12/18 14:30:03 INFO SparkContext: Successfully stopped SparkContext
[2025-12-18T14:30:03.017+0000] {subprocess.py:93} INFO - 25/12/18 14:30:03 INFO ShutdownHookManager: Shutdown hook called
[2025-12-18T14:30:03.018+0000] {subprocess.py:93} INFO - 25/12/18 14:30:03 INFO ShutdownHookManager: Deleting directory /tmp/spark-f550799a-7f6c-47c8-a052-bab89e94f86c
[2025-12-18T14:30:03.024+0000] {subprocess.py:93} INFO - 25/12/18 14:30:03 INFO ShutdownHookManager: Deleting directory /tmp/spark-d717c603-398a-43e5-a508-ae3955bbdec9
[2025-12-18T14:30:03.028+0000] {subprocess.py:93} INFO - 25/12/18 14:30:03 INFO ShutdownHookManager: Deleting directory /tmp/spark-d717c603-398a-43e5-a508-ae3955bbdec9/pyspark-c6b05dad-a1d1-4484-b1c3-441d192bd7e3
[2025-12-18T14:30:03.116+0000] {subprocess.py:97} INFO - Command exited with return code 1
[2025-12-18T14:30:03.174+0000] {taskinstance.py:1935} ERROR - Task failed with exception
Traceback (most recent call last):
  File "/home/airflow/.local/lib/python3.9/site-packages/airflow/operators/bash.py", line 210, in execute
    raise AirflowException(
airflow.exceptions.AirflowException: Bash command failed. The command returned a non-zero exit code 1.
[2025-12-18T14:30:03.185+0000] {taskinstance.py:1398} INFO - Marking task as FAILED. dag_id=bank_bigdata_pipeline, task_id=run_spark_job, execution_date=20251218T141206, start_date=20251218T142952, end_date=20251218T143003
[2025-12-18T14:30:03.221+0000] {standard_task_runner.py:104} ERROR - Failed to execute job 10 for task run_spark_job (Bash command failed. The command returned a non-zero exit code 1.; 947)
[2025-12-18T14:30:03.246+0000] {local_task_job_runner.py:228} INFO - Task exited with return code 1
[2025-12-18T14:30:03.275+0000] {taskinstance.py:2776} INFO - 0 downstream tasks scheduled from follow-on schedule check
