[2025-12-18T14:08:52.932+0000] {taskinstance.py:1157} INFO - Dependencies all met for dep_context=non-requeueable deps ti=<TaskInstance: bank_bigdata_pipeline.run_spark_job manual__2025-12-18T14:08:50.616809+00:00 [queued]>
[2025-12-18T14:08:52.934+0000] {taskinstance.py:1157} INFO - Dependencies all met for dep_context=requeueable deps ti=<TaskInstance: bank_bigdata_pipeline.run_spark_job manual__2025-12-18T14:08:50.616809+00:00 [queued]>
[2025-12-18T14:08:52.935+0000] {taskinstance.py:1359} INFO - Starting attempt 1 of 2
[2025-12-18T14:08:52.938+0000] {taskinstance.py:1380} INFO - Executing <Task(BashOperator): run_spark_job> on 2025-12-18 14:08:50.616809+00:00
[2025-12-18T14:08:52.941+0000] {standard_task_runner.py:57} INFO - Started process 389 to run task
[2025-12-18T14:08:52.942+0000] {standard_task_runner.py:84} INFO - Running: ['***', 'tasks', 'run', 'bank_bigdata_pipeline', 'run_spark_job', 'manual__2025-12-18T14:08:50.616809+00:00', '--job-id', '5', '--raw', '--subdir', 'DAGS_FOLDER/etl_dag.py', '--cfg-path', '/tmp/tmp_9a6l7pc']
[2025-12-18T14:08:52.943+0000] {standard_task_runner.py:85} INFO - Job 5: Subtask run_spark_job
[2025-12-18T14:08:52.960+0000] {task_command.py:415} INFO - Running <TaskInstance: bank_bigdata_pipeline.run_spark_job manual__2025-12-18T14:08:50.616809+00:00 [running]> on host d08db59e672c
[2025-12-18T14:08:52.985+0000] {taskinstance.py:1660} INFO - Exporting env vars: AIRFLOW_CTX_DAG_OWNER='student' AIRFLOW_CTX_DAG_ID='bank_bigdata_pipeline' AIRFLOW_CTX_TASK_ID='run_spark_job' AIRFLOW_CTX_EXECUTION_DATE='2025-12-18T14:08:50.616809+00:00' AIRFLOW_CTX_TRY_NUMBER='1' AIRFLOW_CTX_DAG_RUN_ID='manual__2025-12-18T14:08:50.616809+00:00'
[2025-12-18T14:08:52.986+0000] {subprocess.py:63} INFO - Tmp dir root location: /tmp
[2025-12-18T14:08:52.986+0000] {subprocess.py:75} INFO - Running command: ['/bin/bash', '-c', '\n            export JAVA_HOME=/usr/lib/jvm/default-java\n            spark-submit             --master local[*]             --driver-class-path /home/***/postgresql-42.2.18.jar             --jars /home/***/postgresql-42.2.18.jar             /opt/***/spark_jobs/process.py\n        ']
[2025-12-18T14:08:52.991+0000] {subprocess.py:86} INFO - Output:
[2025-12-18T14:08:54.227+0000] {subprocess.py:93} INFO - 25/12/18 14:08:54 WARN NativeCodeLoader: Unable to load native-hadoop library for your platform... using builtin-java classes where applicable
[2025-12-18T14:08:55.242+0000] {subprocess.py:93} INFO - 25/12/18 14:08:55 INFO SparkContext: Running Spark version 3.5.1
[2025-12-18T14:08:55.242+0000] {subprocess.py:93} INFO - 25/12/18 14:08:55 INFO SparkContext: OS info Linux, 6.12.54-linuxkit, aarch64
[2025-12-18T14:08:55.243+0000] {subprocess.py:93} INFO - 25/12/18 14:08:55 INFO SparkContext: Java version 11.0.29
[2025-12-18T14:08:55.263+0000] {subprocess.py:93} INFO - 25/12/18 14:08:55 INFO ResourceUtils: ==============================================================
[2025-12-18T14:08:55.264+0000] {subprocess.py:93} INFO - 25/12/18 14:08:55 INFO ResourceUtils: No custom resources configured for spark.driver.
[2025-12-18T14:08:55.264+0000] {subprocess.py:93} INFO - 25/12/18 14:08:55 INFO ResourceUtils: ==============================================================
[2025-12-18T14:08:55.264+0000] {subprocess.py:93} INFO - 25/12/18 14:08:55 INFO SparkContext: Submitted application: BankTransactionsML
[2025-12-18T14:08:55.276+0000] {subprocess.py:93} INFO - 25/12/18 14:08:55 INFO ResourceProfile: Default ResourceProfile created, executor resources: Map(cores -> name: cores, amount: 1, script: , vendor: , memory -> name: memory, amount: 1024, script: , vendor: , offHeap -> name: offHeap, amount: 0, script: , vendor: ), task resources: Map(cpus -> name: cpus, amount: 1.0)
[2025-12-18T14:08:55.282+0000] {subprocess.py:93} INFO - 25/12/18 14:08:55 INFO ResourceProfile: Limiting resource is cpu
[2025-12-18T14:08:55.283+0000] {subprocess.py:93} INFO - 25/12/18 14:08:55 INFO ResourceProfileManager: Added ResourceProfile id: 0
[2025-12-18T14:08:55.319+0000] {subprocess.py:93} INFO - 25/12/18 14:08:55 INFO SecurityManager: Changing view acls to: ***
[2025-12-18T14:08:55.319+0000] {subprocess.py:93} INFO - 25/12/18 14:08:55 INFO SecurityManager: Changing modify acls to: ***
[2025-12-18T14:08:55.320+0000] {subprocess.py:93} INFO - 25/12/18 14:08:55 INFO SecurityManager: Changing view acls groups to:
[2025-12-18T14:08:55.320+0000] {subprocess.py:93} INFO - 25/12/18 14:08:55 INFO SecurityManager: Changing modify acls groups to:
[2025-12-18T14:08:55.320+0000] {subprocess.py:93} INFO - 25/12/18 14:08:55 INFO SecurityManager: SecurityManager: authentication disabled; ui acls disabled; users with view permissions: ***; groups with view permissions: EMPTY; users with modify permissions: ***; groups with modify permissions: EMPTY
[2025-12-18T14:08:55.424+0000] {subprocess.py:93} INFO - 25/12/18 14:08:55 INFO Utils: Successfully started service 'sparkDriver' on port 38469.
[2025-12-18T14:08:55.440+0000] {subprocess.py:93} INFO - 25/12/18 14:08:55 INFO SparkEnv: Registering MapOutputTracker
[2025-12-18T14:08:55.457+0000] {subprocess.py:93} INFO - 25/12/18 14:08:55 INFO SparkEnv: Registering BlockManagerMaster
[2025-12-18T14:08:55.470+0000] {subprocess.py:93} INFO - 25/12/18 14:08:55 INFO BlockManagerMasterEndpoint: Using org.apache.spark.storage.DefaultTopologyMapper for getting topology information
[2025-12-18T14:08:55.470+0000] {subprocess.py:93} INFO - 25/12/18 14:08:55 INFO BlockManagerMasterEndpoint: BlockManagerMasterEndpoint up
[2025-12-18T14:08:55.472+0000] {subprocess.py:93} INFO - 25/12/18 14:08:55 INFO SparkEnv: Registering BlockManagerMasterHeartbeat
[2025-12-18T14:08:55.483+0000] {subprocess.py:93} INFO - 25/12/18 14:08:55 INFO DiskBlockManager: Created local directory at /tmp/blockmgr-7fb857f5-9fcf-4cbd-b8e7-21cdc0bdb998
[2025-12-18T14:08:55.489+0000] {subprocess.py:93} INFO - 25/12/18 14:08:55 INFO MemoryStore: MemoryStore started with capacity 434.4 MiB
[2025-12-18T14:08:55.495+0000] {subprocess.py:93} INFO - 25/12/18 14:08:55 INFO SparkEnv: Registering OutputCommitCoordinator
[2025-12-18T14:08:55.553+0000] {subprocess.py:93} INFO - 25/12/18 14:08:55 INFO JettyUtils: Start Jetty 0.0.0.0:4040 for SparkUI
[2025-12-18T14:08:55.579+0000] {subprocess.py:93} INFO - 25/12/18 14:08:55 INFO Utils: Successfully started service 'SparkUI' on port 4040.
[2025-12-18T14:08:55.594+0000] {subprocess.py:93} INFO - 25/12/18 14:08:55 INFO SparkContext: Added JAR file:///home/***/postgresql-42.2.18.jar at spark://d08db59e672c:38469/jars/postgresql-42.2.18.jar with timestamp 1766066935231
[2025-12-18T14:08:55.621+0000] {subprocess.py:93} INFO - 25/12/18 14:08:55 INFO Executor: Starting executor ID driver on host d08db59e672c
[2025-12-18T14:08:55.621+0000] {subprocess.py:93} INFO - 25/12/18 14:08:55 INFO Executor: OS info Linux, 6.12.54-linuxkit, aarch64
[2025-12-18T14:08:55.622+0000] {subprocess.py:93} INFO - 25/12/18 14:08:55 INFO Executor: Java version 11.0.29
[2025-12-18T14:08:55.624+0000] {subprocess.py:93} INFO - 25/12/18 14:08:55 INFO Executor: Starting executor with user classpath (userClassPathFirst = false): ''
[2025-12-18T14:08:55.624+0000] {subprocess.py:93} INFO - 25/12/18 14:08:55 INFO Executor: Created or updated repl class loader org.apache.spark.util.MutableURLClassLoader@59916cb6 for default.
[2025-12-18T14:08:55.632+0000] {subprocess.py:93} INFO - 25/12/18 14:08:55 INFO Executor: Fetching spark://d08db59e672c:38469/jars/postgresql-42.2.18.jar with timestamp 1766066935231
[2025-12-18T14:08:55.666+0000] {subprocess.py:93} INFO - 25/12/18 14:08:55 INFO TransportClientFactory: Successfully created connection to d08db59e672c/172.19.0.9:38469 after 20 ms (0 ms spent in bootstraps)
[2025-12-18T14:08:55.670+0000] {subprocess.py:93} INFO - 25/12/18 14:08:55 INFO Utils: Fetching spark://d08db59e672c:38469/jars/postgresql-42.2.18.jar to /tmp/spark-fb1542ab-b3e8-4487-ac7c-adc77d1e78c3/userFiles-f79365d4-78c8-4d79-9558-1309784b6ec4/fetchFileTemp736723335588908921.tmp
[2025-12-18T14:08:55.688+0000] {subprocess.py:93} INFO - 25/12/18 14:08:55 INFO Executor: Adding file:/tmp/spark-fb1542ab-b3e8-4487-ac7c-adc77d1e78c3/userFiles-f79365d4-78c8-4d79-9558-1309784b6ec4/postgresql-42.2.18.jar to class loader default
[2025-12-18T14:08:55.692+0000] {subprocess.py:93} INFO - 25/12/18 14:08:55 INFO Utils: Successfully started service 'org.apache.spark.network.netty.NettyBlockTransferService' on port 40465.
[2025-12-18T14:08:55.692+0000] {subprocess.py:93} INFO - 25/12/18 14:08:55 INFO NettyBlockTransferService: Server created on d08db59e672c:40465
[2025-12-18T14:08:55.693+0000] {subprocess.py:93} INFO - 25/12/18 14:08:55 INFO BlockManager: Using org.apache.spark.storage.RandomBlockReplicationPolicy for block replication policy
[2025-12-18T14:08:55.696+0000] {subprocess.py:93} INFO - 25/12/18 14:08:55 INFO BlockManagerMaster: Registering BlockManager BlockManagerId(driver, d08db59e672c, 40465, None)
[2025-12-18T14:08:55.698+0000] {subprocess.py:93} INFO - 25/12/18 14:08:55 INFO BlockManagerMasterEndpoint: Registering block manager d08db59e672c:40465 with 434.4 MiB RAM, BlockManagerId(driver, d08db59e672c, 40465, None)
[2025-12-18T14:08:55.699+0000] {subprocess.py:93} INFO - 25/12/18 14:08:55 INFO BlockManagerMaster: Registered BlockManager BlockManagerId(driver, d08db59e672c, 40465, None)
[2025-12-18T14:08:55.699+0000] {subprocess.py:93} INFO - 25/12/18 14:08:55 INFO BlockManager: Initialized BlockManager: BlockManagerId(driver, d08db59e672c, 40465, None)
[2025-12-18T14:08:55.916+0000] {subprocess.py:93} INFO - 25/12/18 14:08:55 INFO SharedState: Setting hive.metastore.warehouse.dir ('null') to the value of spark.sql.warehouse.dir.
[2025-12-18T14:08:55.917+0000] {subprocess.py:93} INFO - 25/12/18 14:08:55 INFO SharedState: Warehouse path is 'file:/tmp/***tmputj5ai8k/spark-warehouse'.
[2025-12-18T14:08:56.655+0000] {subprocess.py:93} INFO - Traceback (most recent call last):
[2025-12-18T14:08:56.656+0000] {subprocess.py:93} INFO -   File "/opt/***/spark_jobs/process.py", line 47, in <module>
[2025-12-18T14:08:56.656+0000] {subprocess.py:93} INFO -     main()
[2025-12-18T14:08:56.656+0000] {subprocess.py:93} INFO -   File "/opt/***/spark_jobs/process.py", line 14, in main
[2025-12-18T14:08:56.656+0000] {subprocess.py:93} INFO -     df = spark.read.parquet("hdfs://namenode:9000/user/data/transactions.parquet")
[2025-12-18T14:08:56.656+0000] {subprocess.py:93} INFO -   File "/home/***/.local/lib/python3.9/site-packages/pyspark/python/lib/pyspark.zip/pyspark/sql/readwriter.py", line 544, in parquet
[2025-12-18T14:08:56.656+0000] {subprocess.py:93} INFO -   File "/home/***/.local/lib/python3.9/site-packages/pyspark/python/lib/py4j-0.10.9.7-src.zip/py4j/java_gateway.py", line 1322, in __call__
[2025-12-18T14:08:56.656+0000] {subprocess.py:93} INFO -   File "/home/***/.local/lib/python3.9/site-packages/pyspark/python/lib/pyspark.zip/pyspark/errors/exceptions/captured.py", line 185, in deco
[2025-12-18T14:08:56.660+0000] {subprocess.py:93} INFO - pyspark.errors.exceptions.captured.AnalysisException: [PATH_NOT_FOUND] Path does not exist: hdfs://namenode:9000/user/data/transactions.parquet.
[2025-12-18T14:08:56.714+0000] {subprocess.py:93} INFO - 25/12/18 14:08:56 INFO SparkContext: Invoking stop() from shutdown hook
[2025-12-18T14:08:56.714+0000] {subprocess.py:93} INFO - 25/12/18 14:08:56 INFO SparkContext: SparkContext is stopping with exitCode 0.
[2025-12-18T14:08:56.719+0000] {subprocess.py:93} INFO - 25/12/18 14:08:56 INFO SparkUI: Stopped Spark web UI at http://d08db59e672c:4040
[2025-12-18T14:08:56.725+0000] {subprocess.py:93} INFO - 25/12/18 14:08:56 INFO MapOutputTrackerMasterEndpoint: MapOutputTrackerMasterEndpoint stopped!
[2025-12-18T14:08:56.732+0000] {subprocess.py:93} INFO - 25/12/18 14:08:56 INFO MemoryStore: MemoryStore cleared
[2025-12-18T14:08:56.732+0000] {subprocess.py:93} INFO - 25/12/18 14:08:56 INFO BlockManager: BlockManager stopped
[2025-12-18T14:08:56.735+0000] {subprocess.py:93} INFO - 25/12/18 14:08:56 INFO BlockManagerMaster: BlockManagerMaster stopped
[2025-12-18T14:08:56.737+0000] {subprocess.py:93} INFO - 25/12/18 14:08:56 INFO OutputCommitCoordinator$OutputCommitCoordinatorEndpoint: OutputCommitCoordinator stopped!
[2025-12-18T14:08:56.740+0000] {subprocess.py:93} INFO - 25/12/18 14:08:56 INFO SparkContext: Successfully stopped SparkContext
[2025-12-18T14:08:56.740+0000] {subprocess.py:93} INFO - 25/12/18 14:08:56 INFO ShutdownHookManager: Shutdown hook called
[2025-12-18T14:08:56.741+0000] {subprocess.py:93} INFO - 25/12/18 14:08:56 INFO ShutdownHookManager: Deleting directory /tmp/spark-fb1542ab-b3e8-4487-ac7c-adc77d1e78c3/pyspark-d82a12f0-672d-43ed-bd73-eb22d59d00a7
[2025-12-18T14:08:56.742+0000] {subprocess.py:93} INFO - 25/12/18 14:08:56 INFO ShutdownHookManager: Deleting directory /tmp/spark-ae9e4ebc-f016-4dd3-a9e5-2a87908f08ac
[2025-12-18T14:08:56.744+0000] {subprocess.py:93} INFO - 25/12/18 14:08:56 INFO ShutdownHookManager: Deleting directory /tmp/spark-fb1542ab-b3e8-4487-ac7c-adc77d1e78c3
[2025-12-18T14:08:56.775+0000] {subprocess.py:97} INFO - Command exited with return code 1
[2025-12-18T14:08:56.804+0000] {taskinstance.py:1935} ERROR - Task failed with exception
Traceback (most recent call last):
  File "/home/airflow/.local/lib/python3.9/site-packages/airflow/operators/bash.py", line 210, in execute
    raise AirflowException(
airflow.exceptions.AirflowException: Bash command failed. The command returned a non-zero exit code 1.
[2025-12-18T14:08:56.808+0000] {taskinstance.py:1398} INFO - Marking task as UP_FOR_RETRY. dag_id=bank_bigdata_pipeline, task_id=run_spark_job, execution_date=20251218T140850, start_date=20251218T140852, end_date=20251218T140856
[2025-12-18T14:08:56.820+0000] {standard_task_runner.py:104} ERROR - Failed to execute job 5 for task run_spark_job (Bash command failed. The command returned a non-zero exit code 1.; 389)
[2025-12-18T14:08:56.832+0000] {local_task_job_runner.py:228} INFO - Task exited with return code 1
[2025-12-18T14:08:56.856+0000] {taskinstance.py:2776} INFO - 0 downstream tasks scheduled from follow-on schedule check
